<?xml version="1.0" encoding="UTF-8"?>
<!-- Generated by org.testng.reporters.JUnitReportReporter -->
<testsuite hostname="DESKTOP-OUM13QP" failures="0" tests="1" name="sample.eazydiner.helpTest" time="75.765" errors="0" timestamp="2021-11-22T16:10:02 IST" skipped="0">
  <testcase classname="sample.eazydiner.helpTest" name="test1" time="75.765"/>
  <system-out/>
</testsuite> <!-- sample.eazydiner.helpTest -->
