<?xml version="1.0" encoding="UTF-8"?>
<!-- Generated by org.testng.reporters.JUnitReportReporter -->
<testsuite hostname="DESKTOP-OUM13QP" failures="0" tests="1" name="sample.eazydiner.locationTest" time="52.919" errors="0" timestamp="2021-11-22T16:10:02 IST" skipped="0">
  <testcase classname="sample.eazydiner.locationTest" name="test3" time="52.919"/>
  <system-out/>
</testsuite> <!-- sample.eazydiner.locationTest -->
