<?xml version="1.0" encoding="UTF-8"?>
<!-- Generated by org.testng.reporters.JUnitReportReporter -->
<testsuite hostname="DESKTOP-OUM13QP" failures="0" tests="1" name="sample.eazydiner.aboutusTest" time="91.513" errors="0" timestamp="2021-11-22T16:10:02 IST" skipped="0">
  <testcase classname="sample.eazydiner.aboutusTest" name="test2" time="91.513"/>
  <system-out/>
</testsuite> <!-- sample.eazydiner.aboutusTest -->
